<?xml version="1.0" encoding="UTF-8"?>
<testsuites name="bun test" tests="4" assertions="3" failures="1" skipped="1" time="0.026924">
  <testsuite name="tools/flakiness/fixtures/_fixture-source.test.ts" file="tools/flakiness/fixtures/_fixture-source.test.ts" tests="4" assertions="3" failures="1" skipped="1" time="0" hostname="ayak-air-3.local">
    <testsuite name="flakiness fixture sample" file="tools/flakiness/fixtures/_fixture-source.test.ts" line="3" tests="4" assertions="3" failures="1" skipped="1" time="0.017" hostname="ayak-air-3.local">
      <testcase name="passes a basic check" classname="flakiness fixture sample" time="0.001025" file="tools/flakiness/fixtures/_fixture-source.test.ts" line="4" assertions="1" />
      <testcase name="records a failure with a useful message" classname="flakiness fixture sample" time="0.001676" file="tools/flakiness/fixtures/_fixture-source.test.ts" line="8" assertions="1">
        <failure type="AssertionError" />
      </testcase>
      <testcase name="is skipped on purpose" classname="flakiness fixture sample" time="0" file="tools/flakiness/fixtures/_fixture-source.test.ts" line="12" assertions="0">
        <skipped />
      </testcase>
      <testcase name="takes a moment" classname="flakiness fixture sample" time="0.015236" file="tools/flakiness/fixtures/_fixture-source.test.ts" line="16" assertions="1" />
    </testsuite>
  </testsuite>
</testsuites>
